2019-05-06 21:17:36.661  WARN 6297 --- [main] aWebConfiguration$JpaWebMvcConfiguration : spring.jpa.open-in-view is enabled by default. Therefore, database queries may be performed during view rendering. Explicitly configure spring.jpa.open-in-view to disable this warning
2019-05-06 21:22:29.748  WARN 6776 --- [main] aWebConfiguration$JpaWebMvcConfiguration : spring.jpa.open-in-view is enabled by default. Therefore, database queries may be performed during view rendering. Explicitly configure spring.jpa.open-in-view to disable this warning
2019-05-06 21:25:33.612  WARN 7123 --- [main] aWebConfiguration$JpaWebMvcConfiguration : spring.jpa.open-in-view is enabled by default. Therefore, database queries may be performed during view rendering. Explicitly configure spring.jpa.open-in-view to disable this warning
2019-05-06 21:28:01.553  WARN 7631 --- [main] aWebConfiguration$JpaWebMvcConfiguration : spring.jpa.open-in-view is enabled by default. Therefore, database queries may be performed during view rendering. Explicitly configure spring.jpa.open-in-view to disable this warning
2019-05-06 21:36:10.146  WARN 8277 --- [main] aWebConfiguration$JpaWebMvcConfiguration : spring.jpa.open-in-view is enabled by default. Therefore, database queries may be performed during view rendering. Explicitly configure spring.jpa.open-in-view to disable this warning
2019-05-06 21:42:37.009  WARN 8916 --- [main] aWebConfiguration$JpaWebMvcConfiguration : spring.jpa.open-in-view is enabled by default. Therefore, database queries may be performed during view rendering. Explicitly configure spring.jpa.open-in-view to disable this warning
2019-05-06 21:46:35.090  WARN 9573 --- [main] aWebConfiguration$JpaWebMvcConfiguration : spring.jpa.open-in-view is enabled by default. Therefore, database queries may be performed during view rendering. Explicitly configure spring.jpa.open-in-view to disable this warning
2019-05-06 21:47:22.629  WARN 9573 --- [http-nio-9000-exec-2] c.n.b.getyourring.services.GameService   : getUserTeamInit
2019-05-06 21:47:22.637  WARN 9573 --- [http-nio-9000-exec-2] c.n.b.getyourring.services.GameService   : updateTeam
2019-05-06 21:47:22.767  WARN 9573 --- [http-nio-9000-exec-2] c.n.b.getyourring.services.GameService   : 0
2019-05-06 21:47:22.771  WARN 9573 --- [http-nio-9000-exec-2] c.n.b.getyourring.services.GameService   : saveMatch
2019-05-06 21:47:22.793  WARN 9573 --- [http-nio-9000-exec-2] c.n.b.getyourring.services.GameService   : saveTeam
2019-05-06 21:47:22.805  WARN 9573 --- [http-nio-9000-exec-2] c.n.b.getyourring.services.GameService   : 0
2019-05-06 21:47:22.807  WARN 9573 --- [http-nio-9000-exec-2] c.n.b.getyourring.services.GameService   : saveMatch
2019-05-06 21:47:22.814  WARN 9573 --- [http-nio-9000-exec-2] c.n.b.getyourring.services.GameService   : saveTeam
2019-05-06 21:47:22.818  WARN 9573 --- [http-nio-9000-exec-2] c.n.b.getyourring.services.GameService   : 0
2019-05-06 21:47:22.820  WARN 9573 --- [http-nio-9000-exec-2] c.n.b.getyourring.services.GameService   : saveTeam
2019-05-06 21:47:22.827  WARN 9573 --- [http-nio-9000-exec-2] c.n.b.getyourring.services.GameService   : 0
2019-05-06 21:47:22.830  WARN 9573 --- [http-nio-9000-exec-2] c.n.b.getyourring.services.GameService   : saveTeam
2019-05-06 21:47:22.838  WARN 9573 --- [http-nio-9000-exec-2] c.n.b.getyourring.services.GameService   : 0
2019-05-06 21:47:22.841  WARN 9573 --- [http-nio-9000-exec-2] c.n.b.getyourring.services.GameService   : saveMatch
2019-05-06 21:47:22.851  WARN 9573 --- [http-nio-9000-exec-2] c.n.b.getyourring.services.GameService   : saveTeam
2019-05-06 21:47:22.856  WARN 9573 --- [http-nio-9000-exec-2] c.n.b.getyourring.services.GameService   : 0
2019-05-06 21:47:22.857  WARN 9573 --- [http-nio-9000-exec-2] c.n.b.getyourring.services.GameService   : saveTeam
2019-05-06 21:47:42.253  WARN 9573 --- [http-nio-9000-exec-3] c.n.b.getyourring.services.GameService   : saveMatch
2019-05-06 21:47:42.281  WARN 9573 --- [http-nio-9000-exec-3] c.n.b.getyourring.services.GameService   : saveTeam
2019-05-06 21:47:42.291  WARN 9573 --- [http-nio-9000-exec-3] c.n.b.getyourring.services.GameService   : saveTeam
2019-05-06 21:47:42.295  WARN 9573 --- [http-nio-9000-exec-3] c.n.b.getyourring.services.GameService   : saveMatch
2019-05-06 21:47:42.298  WARN 9573 --- [http-nio-9000-exec-3] c.n.b.getyourring.services.GameService   : saveMatch
2019-05-06 21:47:42.302  WARN 9573 --- [http-nio-9000-exec-3] c.n.b.getyourring.services.GameService   : saveTeam
2019-05-06 21:47:42.311  WARN 9573 --- [http-nio-9000-exec-3] c.n.b.getyourring.services.GameService   : saveTeam
2019-05-06 21:47:42.315  WARN 9573 --- [http-nio-9000-exec-3] c.n.b.getyourring.services.GameService   : saveMatch
2019-05-06 21:47:42.318  WARN 9573 --- [http-nio-9000-exec-3] c.n.b.getyourring.services.GameService   : saveMatch
2019-05-06 21:47:42.322  WARN 9573 --- [http-nio-9000-exec-3] c.n.b.getyourring.services.GameService   : saveTeam
2019-05-06 21:47:42.329  WARN 9573 --- [http-nio-9000-exec-3] c.n.b.getyourring.services.GameService   : saveTeam
2019-05-06 21:47:42.332  WARN 9573 --- [http-nio-9000-exec-3] c.n.b.getyourring.services.GameService   : saveMatch
2019-05-06 21:48:31.711  WARN 9573 --- [http-nio-9000-exec-2] c.n.b.getyourring.services.GameService   : finishRoundInit
2019-05-06 21:48:31.751  WARN 9573 --- [http-nio-9000-exec-2] c.n.b.getyourring.services.GameService   : 4
2019-05-06 21:48:31.753  WARN 9573 --- [http-nio-9000-exec-2] c.n.b.getyourring.services.GameService   : saveMatch
2019-05-06 21:48:31.773  WARN 9573 --- [http-nio-9000-exec-2] c.n.b.getyourring.services.GameService   : saveTeam
2019-05-06 21:48:31.778  WARN 9573 --- [http-nio-9000-exec-2] c.n.b.getyourring.services.GameService   : 4
2019-05-06 21:48:31.780  WARN 9573 --- [http-nio-9000-exec-2] c.n.b.getyourring.services.GameService   : saveTeam
2019-05-06 21:48:31.784  WARN 9573 --- [http-nio-9000-exec-2] c.n.b.getyourring.services.GameService   : 4
2019-05-06 21:48:31.785  WARN 9573 --- [http-nio-9000-exec-2] c.n.b.getyourring.services.GameService   : saveMatch
2019-05-06 21:48:31.797  WARN 9573 --- [http-nio-9000-exec-2] c.n.b.getyourring.services.GameService   : saveTeam
2019-05-06 21:48:31.801  WARN 9573 --- [http-nio-9000-exec-2] c.n.b.getyourring.services.GameService   : 5
2019-05-06 21:48:31.803  WARN 9573 --- [http-nio-9000-exec-2] c.n.b.getyourring.services.GameService   : saveMatch
2019-05-06 21:48:31.806  WARN 9573 --- [http-nio-9000-exec-2] c.n.b.getyourring.services.GameService   : saveTeam
2019-05-06 21:48:31.814  WARN 9573 --- [http-nio-9000-exec-2] c.n.b.getyourring.services.GameService   : 5
2019-05-06 21:48:31.815  WARN 9573 --- [http-nio-9000-exec-2] c.n.b.getyourring.services.GameService   : saveTeam
2019-05-06 21:48:31.819  WARN 9573 --- [http-nio-9000-exec-2] c.n.b.getyourring.services.GameService   : 5
2019-05-06 21:48:31.821  WARN 9573 --- [http-nio-9000-exec-2] c.n.b.getyourring.services.GameService   : saveTeam
2019-05-06 22:03:44.269  WARN 10918 --- [main] aWebConfiguration$JpaWebMvcConfiguration : spring.jpa.open-in-view is enabled by default. Therefore, database queries may be performed during view rendering. Explicitly configure spring.jpa.open-in-view to disable this warning
2019-05-06 22:11:59.784  WARN 11618 --- [main] aWebConfiguration$JpaWebMvcConfiguration : spring.jpa.open-in-view is enabled by default. Therefore, database queries may be performed during view rendering. Explicitly configure spring.jpa.open-in-view to disable this warning
2019-05-06 22:12:22.308  WARN 11697 --- [main] aWebConfiguration$JpaWebMvcConfiguration : spring.jpa.open-in-view is enabled by default. Therefore, database queries may be performed during view rendering. Explicitly configure spring.jpa.open-in-view to disable this warning
2019-05-21 15:56:41.310  WARN 22085 --- [main] aWebConfiguration$JpaWebMvcConfiguration : spring.jpa.open-in-view is enabled by default. Therefore, database queries may be performed during view rendering. Explicitly configure spring.jpa.open-in-view to disable this warning
2019-05-21 16:01:42.315  WARN 22492 --- [main] aWebConfiguration$JpaWebMvcConfiguration : spring.jpa.open-in-view is enabled by default. Therefore, database queries may be performed during view rendering. Explicitly configure spring.jpa.open-in-view to disable this warning
2019-05-21 16:08:09.719  WARN 22912 --- [main] aWebConfiguration$JpaWebMvcConfiguration : spring.jpa.open-in-view is enabled by default. Therefore, database queries may be performed during view rendering. Explicitly configure spring.jpa.open-in-view to disable this warning
2019-05-21 16:12:24.522  WARN 23297 --- [main] aWebConfiguration$JpaWebMvcConfiguration : spring.jpa.open-in-view is enabled by default. Therefore, database queries may be performed during view rendering. Explicitly configure spring.jpa.open-in-view to disable this warning
2019-05-21 16:18:32.372  WARN 23760 --- [main] aWebConfiguration$JpaWebMvcConfiguration : spring.jpa.open-in-view is enabled by default. Therefore, database queries may be performed during view rendering. Explicitly configure spring.jpa.open-in-view to disable this warning
2019-05-21 16:21:54.154  WARN 24044 --- [main] aWebConfiguration$JpaWebMvcConfiguration : spring.jpa.open-in-view is enabled by default. Therefore, database queries may be performed during view rendering. Explicitly configure spring.jpa.open-in-view to disable this warning
2019-05-21 16:26:06.698  WARN 24448 --- [main] aWebConfiguration$JpaWebMvcConfiguration : spring.jpa.open-in-view is enabled by default. Therefore, database queries may be performed during view rendering. Explicitly configure spring.jpa.open-in-view to disable this warning
2019-05-21 16:27:40.370  WARN 24769 --- [main] aWebConfiguration$JpaWebMvcConfiguration : spring.jpa.open-in-view is enabled by default. Therefore, database queries may be performed during view rendering. Explicitly configure spring.jpa.open-in-view to disable this warning
2019-05-21 16:36:28.556  WARN 25282 --- [main] aWebConfiguration$JpaWebMvcConfiguration : spring.jpa.open-in-view is enabled by default. Therefore, database queries may be performed during view rendering. Explicitly configure spring.jpa.open-in-view to disable this warning
2019-05-21 16:38:45.721  WARN 25642 --- [main] aWebConfiguration$JpaWebMvcConfiguration : spring.jpa.open-in-view is enabled by default. Therefore, database queries may be performed during view rendering. Explicitly configure spring.jpa.open-in-view to disable this warning
2019-05-21 16:40:27.513  WARN 25922 --- [main] aWebConfiguration$JpaWebMvcConfiguration : spring.jpa.open-in-view is enabled by default. Therefore, database queries may be performed during view rendering. Explicitly configure spring.jpa.open-in-view to disable this warning
2019-05-21 16:46:21.903  WARN 26353 --- [main] aWebConfiguration$JpaWebMvcConfiguration : spring.jpa.open-in-view is enabled by default. Therefore, database queries may be performed during view rendering. Explicitly configure spring.jpa.open-in-view to disable this warning
2019-05-21 16:52:32.604  WARN 26897 --- [main] aWebConfiguration$JpaWebMvcConfiguration : spring.jpa.open-in-view is enabled by default. Therefore, database queries may be performed during view rendering. Explicitly configure spring.jpa.open-in-view to disable this warning
2019-05-21 17:01:13.441  WARN 27589 --- [main] aWebConfiguration$JpaWebMvcConfiguration : spring.jpa.open-in-view is enabled by default. Therefore, database queries may be performed during view rendering. Explicitly configure spring.jpa.open-in-view to disable this warning
